10 46 42
11 0 32
0 98 34
x
15 70 0
3 85 37
x
1 25 36
0 48 30
x
5 84 13
14 3 0
x
10 96 14
0 16 3
11 74 3
5 37 34
14 6 3
7 9 10
10 99 37
5 0 7
x
x
1 15 3
14 11 4
5 82 39
x
x
2 86 38
13 25 30
14 16 6
11 5 40
11 76 4
15 84 42
5 80 37
9 49 5
x
13 75 22
15 61 44
x
15 88 1
0 52 7
14 97 11
15 92 8
3 56 13
11 10 17
3 89 38
15 71 6
12 12 41
6 70 39
1 82 14
13 47 41
6 73 36
15 36 8
12 15 21
15 38 19
8 76 37
7 43 29
0 41 38
0 0 0
1 40 7
13 26 0
12 87 37
13 65 0
14 19 7
9 53 6
1 45 31
7 48 3
x
5 97 26
9 94 1
x
9 97 2
x
x
12 47 26
15 96 19
3 63 15
10 49 44
11 43 13
10 0 31
x
x
9 87 41
13 79 29
x
2 44 31
x
14 0 8
0 21 4
12 52 31
7 33 33
7 13 11
4 12 43
7 99 35
10 15 42
x
15 72 9
14 24 9
4 55 37
10 18 18
11 98 7
0 57 8
13 66 3
x
5 88 3
8 81 21
12 18 22
15 73 1
1 20 4
4 80 26
x
13 99 37
1 94 17
0 26 5
15 40 30
11 16 7
10 65 16
x
1 49 8
2 0 18
x
13 13 11
3 0 18
2 5 19
2 98 44
3 99 7
x
8 84 26
3 50 14
x
13 77 23
1 0 0
10 20 21
6 31 27
2 67 32
0 72 23
1 38 24
x
6 76 40
10 51 19
12 21 29
14 28 1
x
7 53 4
4 59 38
13 17 12
12 39 11
13 81 43
3 42 27
14 31 21
12 24 43
15 81 30
3 53 32
3 5 19
14 33 23
x
12 92 5
8 0 19
11 13 28
12 0 8
2 10 20
15 74 31
8 3 21
7 93 37
5 93 4
15 42 21
14 99 12
4 83 27
13 67 4
x
9 57 20
10 24 22
11 63 8
x
x
7 58 5
15 29 24
8 92 27
5 13 43
5 27 15
1 28 5
4 64 39
6 16 43
4 17 44
9 61 30
15 44 28
2 90 39
8 9 22
x
14 37 28
11 79 26
15 30 25
5 23 40
13 68 6
12 27 14
12 96 20
5 32 16
3 23 23
11 47 15
13 93 28
2 28 24
10 70 5
8 52 18
x
12 98 38
13 94 36
11 51 19
13 40 3
12 48 27
13 69 7
x
x
x
15 46 10
8 6 23
8 42 24
14 39 36
x
2 70 33
10 26 29
6 19 5
0 36 15
x
15 48 31
7 17 12
9 21 22
x
6 8 41
4 39 8
x
14 44 10
1 86 15
8 89 29
11 91 18
x
3 27 24
x
3 9 20
13 5 23
11 81 27
7 95 26
x
5 18 44
2 49 28
7 0 41
14 45 13
7 63 6
12 30 17
14 50 15
0 62 9
3 65 6
12 2 9
11 55 6
8 56 9
15 32 26
13 21 24
3 58 28
x
x
9 66 33
6 12 42
9 70 35
x
9 33 14
10 53 37
10 3 32
7 3 42
9 35 38
14 54 2
15 33 27
12 90 19
x
12 4 24
0 43 16
14 56 33
15 34 44
x
12 94 7
2 59 43
7 6 44
8 70 3
4 86 19
11 18 36
x
1 60 25
4 89 21
x
x
12 49 0
6 62 19
11 64 9
3 95 39
11 83 0
11 21 10
0 5 1
10 55 26
4 68 23
x
10 28 43
15 49 11
x
9 0 43
15 50 12
4 72 24
8 12 38
2 15 21
6 23 6
10 75 20
8 15 30
1 55 9
15 52 24
9 37 23
14 59 35
11 92 41
1 90 16
11 24 11
x
13 44 2
x
0 67 10
3 73 33
6 0 44
x
9 75 7
3 14 21
12 50 1
9 79 8
13 95 10
10 30 14
12 57 32
14 64 18
1 62 10
11 28 12
13 83 5
10 83 38
2 74 34
8 58 36
15 64 16
8 44 25
2 94 40
11 85 1
9 3 13
x
5 39 17
x
10 6 34
2 47 3
9 8 15
8 97 4
6 79 14
14 68 37
1 5 1
11 87 2
4 98 18
4 20 30
14 71 41
11 59 33
7 68 20
14 76 22
10 57 27
9 13 16
13 11 8
11 89 31
11 31 34
15 53 25
7 21 13
8 46 7
11 93 21
4 0 40
10 32 17
0 11 2
x
9 18 17
0 74 11
10 9 39
6 82 23
8 18 33
13 41 4
12 62 34
6 27 0
1 67 11
10 88 23
9 39 24
2 32 25
15 75 11
2 20 22
2 54 29
x
3 31 25
6 85 24
x
14 81 29
x
9 24 28
x
8 99 0
x
x
14 85 43
x
0 31 6
x
13 49 33
8 21 35
14 88 5
x
12 6 25
10 59 1
3 76 34
6 64 21
14 91 20
8 24 31
x
9 83 9
15 0 38
7 25 15
10 34 28
6 34 1
6 38 2
4 29 31
4 34 32
12 8 30
6 88 25
14 62 10
x
13 12 9
7 73 0
0 79 12
7 97 27
5 65 8
13 28 25
3 36 4
1 99 41
3 67 29
1 10 2
12 67 39
x
11 34 39
6 42 30
4 92 22
x
x
7 78 1
x
9 41 18
15 9 14
x
15 14 17
x
x
8 27 32
0 94 17
6 91 7
13 70 8
13 42 6
2 77 35
13 96 13
3 79 35
x
8 62 10
12 72 40
15 57 26
10 22 41
8 30 39
7 29 16
11 65 24
x
x
x
3 47 43
x
x
x
14 95 31
12 40 12
x
x
x
11 94 22
6 94 8
5 68 9
x
2 80 36
11 72 25
7 83 2
3 82 36
13 43 1
8 33 40
4 24 33
15 76 24
x
10 37 36
13 52 35
7 88 34
9 27 44
11 95 29
4 45 34
4 76 25
12 10 18
13 85 20
12 33 28
13 71 9
13 32 26
5 99 24
10 80 21
15 77 27
4 4 41
9 30 19
13 56 18
13 97 15
5 5 41
2 62 30
5 45 28
10 61 2
10 40 10
x
12 77 42
7 35 17
1 72 12
0 84 13
6 46 33
6 6 25
15 19 32
11 96 43
13 87 38
10 81 22
12 36 36
12 45 3
11 97 37
13 7 13
13 89 14
4 8 42
x
15 55 27
6 50 35
10 42 11
11 37 42
8 48 8
13 72 37
10 44 12
8 36 41
13 73 1
x
15 59 34
14 96 34
x
x
9 43 25
4 95 14
x
x
3 93 30
5 50 29
6 97 9
x
13 98 41
5 55 18
1 33 6
10 93 29
10 63 31
12 42 10
13 91 17
x
x
4 41 35
9 45 3
1 77 13
x
12 51 2
6 54 31
11 73 30
5 71 10
9 90 0
5 60 20
7 39 28
4 50 36
15 78 0
15 5 39
x
15 24 40
x
x
0 89 14
8 66 11
10 12 40
3 19 22
5 74 11
13 36 27
x
15 79 6
12 82 44
8 72 12
15 35 16
11 40 44
x
15 27 42
13 59 19
5 77 12
x
12 46 4
9 47 4
2 24 23
13 0 16
x
6 66 22
11 68 35
2 83 37
13 9 15
2 36 26
3 38 26
6 58 32
8 39 42
13 62 30
x
6 68 38
15 67 2
15 80 9
x
2 40 27
x
8 50 9
13 74 21
10 94 43
5 9 42
