3930
149 119 154 120
123 78 125 81
48 171 50 173
112 131 114 134
44 238 44 247
89 176 91 179
8 230 10 233
148 164 148 172
82 199 82 210
102 142 103 146
58 130 60 133
178 200 181 202
105 96 107 98
184 196 184 203
51 173 53 175
133 135 135 137
144 151 146 153
165 237 165 248
21 71 21 79
10 98 13 100
114 0 117 2
100 87 102 89
152 91 152 105
122 175 124 178
112 47 113 54
35 174 35 185
57 80 57 87
2 94 4 97
0 162 1 167
90 57 92 59
80 157 83 159
120 34 120 45
131 164 131 176
173 245 176 247
176 53 176 65
155 192 157 195
38 35 38 46
34 200 36 203
49 178 51 181
87 68 87 76
25 52 27 55
2 153 2 164
146 161 148 163
117 5 120 7
12 75 13 81
29 113 32 115
143 190 143 201
80 11 81 17
73 86 75 89
5 8 8 10
47 229 47 241
162 132 162 143
84 52 84 65
8 220 10 223
108 202 111 204
140 5 142 8
170 222 171 229
74 19 75 24
166 129 167 134
173 191 173 205
42 54 44 56
120 185 122 188
21 211 23 213
43 226 46 228
69 61 70 65
110 220 112 223
89 85 91 88
91 208 93 211
43 135 46 137
101 58 103 61
11 220 11 231
19 240 22 242
89 246 91 249
96 148 98 150
184 123 184 134
88 138 90 140
130 127 133 129
187 240 190 242
58 95 58 106
106 164 109 166
171 168 173 171
17 148 18 154
78 112 79 118
12 207 12 217
188 139 190 142
65 30 65 41
15 239 15 249
44 42 44 53
158 33 161 35
47 61 49 63
131 111 132 115
142 0 144 2
184 214 188 215
112 125 113 130
180 51 183 53
56 238 56 249
93 157 93 168
64 177 64 186
192 101 193 106
47 193 49 196
140 204 142 206
196 0 199 2
157 215 157 226
165 125 167 128
111 135 114 137
142 74 144 77
15 51 15 59
73 22 73 33
131 107 133 110
187 120 189 123
50 97 51 105
132 90 132 101
102 186 104 189
91 193 93 195
72 135 72 146
193 167 193 177
45 42 48 44
140 45 142 48
83 84 85 86
66 0 66 11
197 5 199 7
70 78 71 82
80 125 82 128
70 178 72 180
179 43 180 48
78 61 79 65
31 147 33 150
147 55 147 66
141 238 141 249
125 87 127 89
90 76 92 79
187 244 188 249
142 169 142 180
9 161 10 165
25 111 28 113
108 23 110 26
11 247 14 249
57 17 59 19
176 173 177 176
148 85 151 87
192 194 193 200
42 220 46 221
158 135 160 137
126 59 127 63
121 41 123 44
171 183 173 186
153 34 155 36
5 110 8 112
150 54 151 60
95 53 97 56
81 142 81 156
110 99 110 112
135 167 138 169
148 1 150 4
45 188 47 190
47 203 49 206
51 170 53 172
131 75 132 80
129 123 131 125
55 76 57 79
5 179 5 187
159 228 162 230
39 77 42 79
47 207 49 209
97 94 99 96
7 172 12 173
85 5 87 8
21 148 24 150
149 146 151 148
98 1 99 6
159 144 162 146
19 18 21 21
158 6 160 8
67 43 69 45
109 17 111 20
50 182 53 184
172 40 173 45
35 28 36 33
166 218 167 222
151 19 152 24
14 60 16 63
29 35 29 45
158 215 161 217
0 207 1 213
17 81 20 83
15 131 15 142
14 122 16 125
175 114 177 116
62 153 64 155
46 193 46 204
30 6 36 7
78 183 79 188
3 173 3 181
20 84 23 86
50 4 51 9
16 193 17 199
58 25 60 28
76 35 77 40
11 55 13 58
156 230 158 232
58 162 60 164
185 53 187 56
53 99 54 104
133 90 134 94
136 23 138 25
196 189 199 191
31 110 34 112
53 206 55 209
141 102 142 105
143 168 144 173
25 226 25 234
181 91 181 102
176 12 178 15
58 200 58 207
181 190 183 192
178 247 182 248
63 140 63 152
59 79 59 90
14 21 14 30
34 145 36 148
152 52 153 56
32 38 33 42
71 156 72 162
117 164 117 171
130 236 133 238
65 167 67 169
91 200 93 202
9 119 12 121
117 55 118 60
61 125 61 133
68 16 69 21
73 157 76 159
195 110 198 112
74 13 77 15
114 53 116 55
36 119 36 128
168 39 168 48
190 117 191 121
176 124 179 126
3 14 4 19
44 173 44 185
173 79 180 80
190 145 190 157
65 238 65 249
52 67 53 74
42 200 44 203
164 39 166 42
65 189 66 194
57 4 62 5
163 182 165 185
86 80 88 83
55 25 56 30
118 195 118 205
32 73 33 77
197 82 199 85
62 224 62 232
10 193 10 204
5 46 8 48
145 140 148 142
88 64 89 71
184 47 184 56
8 244 11 246
175 49 182 50
24 177 27 179
45 243 47 246
40 60 40 71
14 69 17 71
47 34 49 37
196 228 198 231
11 202 15 203
150 33 152 35
167 197 168 202
91 196 93 198
110 71 112 73
154 155 155 160
108 139 109 144
92 27 95 29
151 171 153 173
24 2 27 4
63 116 63 125
58 108 59 114
177 2 178 6
158 57 160 60
165 101 166 105
86 197 90 198
10 235 13 237
176 152 178 155
174 17 174 28
196 72 199 74
52 75 54 77
189 221 190 228
178 219 181 221
185 139 187 142
155 57 157 60
13 181 14 186
97 131 99 133
143 224 145 227
163 88 165 90
169 41 169 51
84 242 87 244
49 242 49 249
140 207 140 214
98 53 98 63
56 117 58 120
11 241 13 243
0 220 0 231
42 57 44 59
102 50 105 52
112 95 116 96
131 202 131 212
196 78 199 80
72 242 72 249
16 131 18 134
182 224 187 225
48 174 49 177
68 160 70 162
145 1 147 4
126 187 128 189
117 92 118 97
147 225 147 236
161 198 163 201
68 211 70 213
77 132 80 134
90 28 90 36
144 78 146 80
46 88 48 91
35 168 37 170
154 153 157 154
145 0 153 0
3 212 5 214
156 97 158 99
90 8 92 11
62 129 65 131
9 45 10 50
2 88 5 90
187 145 189 148
127 21 129 24
31 98 32 101
194 58 195 63
131 67 131 74
0 232 1 237
7 209 10 211
74 43 76 46
189 161 191 163
116 172 119 174
184 9 184 20
161 76 162 81
197 113 199 115
155 145 158 147
29 144 32 146
106 84 107 89
52 81 52 92
41 174 43 177
72 0 72 11
16 234 19 236
117 47 119 50
27 214 28 219
172 37 175 39
145 28 145 38
116 178 117 183
182 173 185 175
173 238 178 239
82 142 85 144
169 135 173 136
20 136 20 147
95 108 97 111
64 204 67 206
9 55 9 65
196 167 196 175
94 70 97 72
133 2 138 3
180 107 181 112
158 74 160 77
194 81 196 84
149 103 151 105
189 100 191 103
72 50 74 52
28 96 30 99
25 142 25 153
170 46 172 49
17 6 18 11
23 136 25 139
95 239 101 240
112 12 112 26
11 188 11 198
105 5 108 7
196 239 196 249
77 189 79 192
181 104 184 106
16 47 16 58
184 226 184 235
100 93 102 96
101 104 103 106
45 127 46 131
12 86 13 91
180 123 182 126
86 151 89 153
42 222 44 225
193 50 195 53
73 60 74 65
68 52 71 54
159 13 161 16
2 167 4 169
190 130 192 132
35 165 38 167
107 208 107 218
93 75 96 77
196 96 199 99
6 132 8 134
42 115 44 117
24 84 26 86
65 98 67 101
158 164 160 167
156 241 156 249
168 191 171 193
142 184 145 186
98 106 100 109
30 126 33 128
196 3 199 4
113 3 115 5
70 16 72 19
143 21 144 26
161 110 161 121
20 67 22 70
6 142 8 145
93 64 93 72
161 19 163 21
173 103 174 111
35 163 38 164
39 131 41 133
127 190 128 193
57 165 58 169
153 61 154 66
135 4 138 6
97 236 99 238
59 91 61 93
149 174 151 177
17 12 18 17
147 143 149 145
104 145 104 156
52 29 52 37
25 246 28 248
52 131 52 143
126 218 131 219
23 218 26 220
27 84 27 95
196 28 199 30
111 161 113 163
69 203 70 208
127 104 128 109
85 171 90 172
4 204 6 207
127 194 130 196
167 145 167 153
58 60 60 62
77 4 79 6
54 162 57 164
46 120 47 125
41 196 43 199
134 14 136 17
88 189 90 192
113 21 115 24
127 53 132 54
120 48 122 51
7 106 9 108
185 195 188 197
67 122 67 132
196 210 198 213
133 77 139 78
160 37 162 40
68 153 71 155
104 91 105 95
189 212 190 217
138 142 141 144
43 248 47 249
61 214 61 225
133 99 136 101
76 0 79 2
59 50 66 51
79 14 79 25
148 12 149 19
16 1 17 5
161 45 161 53
166 226 166 234
101 160 102 164
86 154 87 159
44 15 46 18
117 89 120 91
36 129 38 132
122 52 123 57
34 138 36 140
55 101 57 104
189 124 189 132
86 200 90 201
34 204 34 213
31 199 33 202
7 216 9 219
157 159 158 163
109 92 110 97
5 63 8 65
190 16 190 27
191 16 196 17
106 230 108 232
83 187 83 198
91 222 92 227
195 135 197 137
73 140 73 151
82 167 84 169
149 245 150 249
93 16 93 23
70 147 72 150
34 240 37 242
192 110 192 121
121 69 124 71
62 1 65 3
24 114 26 117
5 231 7 233
82 170 84 173
92 96 92 107
81 109 82 113
145 217 146 223
95 78 97 80
185 36 188 38
96 217 98 220
169 91 171 93
20 168 23 170
143 6 144 12
125 126 133 126
42 207 44 209
67 0 67 11
115 128 115 137
133 8 136 10
93 95 93 106
158 27 160 30
184 241 186 244
187 117 189 119
37 218 37 232
5 234 5 244
113 242 114 246
97 171 99 173
97 36 98 43
2 232 2 240
110 41 112 43
90 20 90 27
10 68 11 71
109 179 110 183
17 102 17 118
43 36 46 38
107 152 107 163
45 180 48 181
161 224 163 227
63 197 66 199
169 124 170 129
81 138 83 141
196 22 199 24
195 89 198 91
119 23 120 29
2 68 2 78
152 161 154 164
55 66 55 75
163 186 163 197
89 202 89 218
123 45 124 51
132 193 135 195
120 156 123 158
125 197 128 199
57 20 57 31
62 12 62 22
190 158 192 160
131 196 132 201
176 81 181 82
117 51 119 54
59 166 60 171
100 53 101 57
83 109 83 120
23 121 26 123
7 102 9 105
132 88 136 89
117 112 119 115
54 153 55 157
121 83 124 85
2 49 4 52
42 30 42 43
60 86 64 87
95 196 95 207
91 125 92 131
192 161 192 171
61 192 63 195
88 84 88 95
80 177 80 186
167 111 170 113
45 45 48 47
173 13 175 16
50 115 53 117
35 189 35 199
27 59 30 61
193 113 196 115
17 45 18 50
177 208 180 210
47 153 50 155
137 161 142 162
162 54 165 56
167 55 169 57
126 235 126 246
128 137 129 143
98 83 101 85
0 186 2 189
43 154 44 159
12 2 12 13
158 17 163 18
150 155 151 159
131 213 132 217
21 23 24 25
58 244 59 249
66 237 67 243
177 147 179 150
49 159 49 170
172 248 177 249
55 98 57 100
10 101 12 104
102 5 104 7
28 70 29 77
103 10 105 13
183 31 185 34
144 213 148 214
93 146 95 149
190 181 190 191
111 206 114 208
133 82 135 85
33 231 33 238
45 138 46 142
147 69 148 74
42 85 43 90
41 44 43 46
2 190 3 195
26 8 29 10
58 20 59 24
170 210 170 221
163 27 165 29
167 15 169 18
82 154 85 156
63 20 64 29
177 38 180 40
43 212 45 214
174 208 176 211
169 241 172 243
151 67 151 75
27 170 32 171
1 46 4 48
107 51 109 54
41 230 42 234
141 150 141 160
137 127 140 129
13 117 16 119
189 40 192 42
6 25 7 30
99 147 101 149
151 44 153 46
132 163 135 165
144 46 147 48
171 72 171 81
157 120 158 124
136 237 139 239
30 8 30 16
128 94 130 97
153 206 156 208
106 46 109 48
5 91 5 100
170 50 170 59
185 93 185 104
164 97 166 100
45 114 47 117
48 238 48 249
7 195 9 198
54 229 56 232
80 21 83 23
40 134 40 142
110 142 113 144
72 70 74 73
47 71 47 81
189 4 191 7
148 114 148 125
5 38 8 40
93 229 95 231
176 203 178 205
75 66 77 69
56 197 58 199
194 0 195 5
128 60 128 71
51 226 54 228
167 30 170 32
143 215 147 216
137 157 139 160
195 191 195 202
165 191 167 194
75 50 76 55
117 224 119 227
132 121 135 123
64 120 69 121
175 23 175 33
30 131 31 136
189 192 193 193
80 216 81 225
125 18 126 23
34 100 38 101
37 30 39 33
98 245 101 247
170 9 172 11
124 24 126 27
24 209 24 217
96 154 98 156
20 229 23 231
26 164 28 167
54 183 54 195
133 170 136 173
177 103 180 105
145 10 146 13
88 5 89 9
179 140 180 145
62 60 67 61
64 156 67 158
137 73 140 75
165 79 166 83
102 75 102 86
158 19 160 21
139 3 144 4
160 240 162 242
134 158 136 162
124 207 126 209
147 155 149 158
59 134 62 136
191 18 192 22
181 27 186 28
165 43 167 46
140 201 142 203
56 189 56 196
28 172 30 174
29 214 29 222
30 66 30 73
27 119 33 120
133 49 135 52
84 10 84 18
140 76 141 81
160 189 162 191
56 211 58 213
108 55 110 58
44 118 45 123
196 60 196 71
83 0 85 2
122 72 125 74
117 99 120 101
182 155 184 158
141 92 141 101
155 73 157 75
137 130 140 132
109 237 111 240
13 1 15 4
72 204 74 207
109 228 110 233
88 106 89 112
83 25 84 30
83 224 85 227
97 205 98 210
26 66 28 69
6 242 10 243
188 90 190 93
4 132 5 137
22 56 22 66
72 221 77 222
130 4 130 13
186 67 187 73
138 35 139 38
110 166 112 168
186 22 189 24
159 231 162 233
199 204 199 213
105 129 105 140
122 115 124 117
117 8 119 10
129 191 131 193
152 152 153 158
154 199 155 205
7 157 9 160
133 196 133 205
120 179 122 181
40 119 40 130
109 32 109 40
188 174 190 177
186 181 188 184
106 126 106 137
4 223 5 228
11 28 13 30
138 176 141 178
190 8 192 11
148 229 149 232
163 60 166 62
71 127 75 128
28 52 29 57
117 232 119 234
36 197 38 199
131 184 136 185
125 215 127 217
15 182 17 185
58 72 58 83
167 154 168 158
70 37 70 48
119 92 120 98
167 205 170 207
155 61 159 62
191 212 195 214
30 0 31 5
35 69 37 72
192 207 194 209
90 70 92 72
179 152 181 158
103 231 105 234
13 147 15 150
103 112 105 115
184 204 184 213
163 132 164 137
77 45 80 47
136 174 136 183
95 157 97 160
31 173 34 176
115 190 115 207
127 220 130 222
170 145 172 147
140 61 140 72
39 143 40 147
185 198 185 209
63 12 63 19
76 4 76 12
97 163 98 168
124 98 124 108
13 187 15 190
58 30 60 33
184 159 189 160
106 167 107 177
185 16 186 21
107 126 110 128
157 180 158 185
60 172 60 180
125 90 128 92
143 98 143 109
107 64 107 74
48 220 50 223
94 210 96 212
65 170 68 172
107 188 107 201
67 179 69 182
0 45 0 56
182 184 184 187
119 60 120 65
13 161 13 175
50 212 51 217
183 21 184 24
160 91 163 93
162 244 164 246
141 137 143 140
25 15 27 17
148 36 151 38
72 116 72 126
90 143 90 156
129 131 131 134
149 210 152 212
151 14 153 17
21 80 23 83
80 39 81 44
56 173 56 184
98 179 99 184
33 217 36 219
138 117 140 120
71 93 73 96
35 152 35 159
154 148 155 152
39 39 40 44
12 107 15 109
173 146 175 148
128 147 128 158
176 43 178 46
170 12 170 20
78 32 78 41
23 42 26 44
144 187 144 198
99 186 101 188
32 134 33 139
37 5 39 8
177 51 179 55
40 189 41 193
171 206 173 208
168 58 168 73
57 137 60 139
133 223 135 226
110 44 110 54
189 195 191 198
45 222 47 225
21 35 22 40
41 144 43 148
59 119 61 122
133 71 134 76
125 127 127 130
136 45 136 59
152 245 154 248
167 135 168 140
112 238 114 241
28 17 31 20
7 237 8 241
40 241 41 247
177 75 178 78
169 198 170 204
37 14 37 25
85 185 87 188
14 222 14 231
158 90 159 94
104 79 106 82
164 72 165 76
20 26 22 29
38 248 42 249
24 174 27 176
57 149 62 150
92 239 92 249
18 34 20 37
0 2 3 4
89 45 91 48
138 243 140 246
188 48 190 51
71 230 72 237
196 31 196 39
28 197 30 199
17 124 19 127
66 217 69 219
128 42 131 44
162 68 164 71
144 49 146 52
172 88 173 93
71 208 73 211
76 236 76 247
48 125 50 127
193 223 193 234
4 0 7 2
108 167 109 171
22 186 22 193
132 166 134 169
157 48 158 52
183 29 188 30
116 187 118 189
105 147 107 150
106 115 108 117
2 196 3 204
119 207 120 212
177 83 180 85
23 30 26 32
23 131 24 135
67 199 69 202
35 109 37 111
142 218 144 222
150 226 151 231
175 17 177 19
101 205 103 207
113 168 114 173
112 150 112 157
48 38 50 40
51 25 53 28
4 20 5 27
166 180 167 184
127 25 129 28
145 92 147 95
6 192 9 194
109 79 112 81
106 110 109 112
186 74 186 82
197 49 199 52
195 203 196 208
105 106 107 109
109 115 112 117
105 151 106 156
74 149 77 151
192 68 193 72
25 124 27 127
189 199 191 202
16 242 17 247
11 199 14 201
53 213 55 216
110 164 114 165
145 14 145 27
10 218 14 219
8 188 10 191
192 108 197 109
2 6 2 19
41 184 43 187
137 99 138 103
118 78 120 81
34 39 34 50
84 71 86 74
104 53 106 56
36 114 39 116
102 112 102 124
144 199 146 202
73 137 76 139
137 212 138 218
68 229 70 231
88 133 91 135
6 50 8 53
131 94 131 103
122 165 122 174
191 86 193 89
23 156 24 160
196 121 197 125
104 202 107 204
99 10 99 23
61 33 64 35
142 90 144 93
30 74 31 78
12 187 12 198
148 136 153 137
43 24 44 29
103 164 105 167
98 119 100 121
6 146 8 149
37 93 38 98
158 25 161 26
137 198 140 200
13 48 15 50
42 20 44 23
44 0 46 3
0 190 1 194
90 3 92 6
87 164 88 168
123 164 126 166
80 71 83 73
163 138 166 140
105 141 106 146
149 181 152 183
33 91 35 94
154 168 157 170
150 14 150 24
36 117 41 118
166 173 171 174
13 9 16 11
23 35 25 38
187 78 188 83
107 233 107 244
9 128 9 136
1 116 3 119
115 242 115 249
37 104 40 106
3 101 5 104
12 31 14 34
108 122 111 124
3 5 5 7
102 134 104 136
81 31 82 36
126 203 128 205
178 56 180 59
154 227 155 232
82 215 84 218
48 141 48 151
174 89 177 91
134 206 135 212
92 37 92 48
193 148 195 151
116 13 116 31
182 199 183 204
108 172 108 183
139 94 140 102
85 119 87 122
0 151 4 152
45 51 45 58
0 85 0 96
138 121 139 126
86 239 88 241
148 236 148 247
142 78 143 83
187 112 188 116
9 154 11 156
77 158 79 161
175 104 175 113
18 243 20 246
9 74 11 77
47 68 50 70
50 191 52 194
188 236 190 239
126 55 128 58
99 163 99 170
134 196 139 197
81 87 85 88
29 121 29 131
140 185 141 190
197 141 199 144
25 18 27 21
189 143 192 144
93 235 93 249
99 112 101 115
141 67 142 72
168 94 168 104
66 30 66 38
13 120 17 121
76 206 79 208
149 61 152 63
80 52 83 54
93 37 96 39
116 67 120 68
21 33 26 34
9 144 12 146
36 54 38 56
125 103 126 108
74 25 75 30
117 43 119 46
19 8 21 10
168 0 168 9
122 135 124 137
132 86 136 87
99 229 102 231
43 33 46 35
121 98 123 101
29 183 34 184
40 30 41 35
88 182 90 184
144 81 145 89
115 237 117 241
173 222 178 223
194 25 197 27
75 90 75 103
43 75 44 79
50 64 53 66
69 142 71 145
71 100 73 103
103 169 105 172
88 102 91 104
85 15 88 17
57 6 59 8
26 56 26 65
166 52 169 54
32 85 32 96
109 8 111 11
183 35 183 43
193 141 194 144
68 55 68 65
19 58 19 68
152 125 152 135
56 105 57 109
83 3 84 9
47 210 47 221
149 235 149 244
55 60 57 62
113 84 114 88
99 68 101 71
197 145 198 149
191 56 196 57
102 239 105 241
194 6 196 8
147 126 149 129
28 175 30 177
64 122 66 125
32 62 37 63
9 78 11 81
0 74 1 78
78 209 78 224
0 38 2 41
58 240 60 243
46 58 46 69
170 62 172 65
81 59 83 62
193 96 195 99
127 74 130 76
60 189 63 191
120 233 122 236
54 22 54 31
160 86 162 89
120 102 121 107
30 214 33 216
69 30 69 41
157 131 158 134
55 185 57 188
88 237 92 238
94 94 96 97
125 100 127 102
61 158 61 166
196 102 199 104
53 78 53 89
161 164 163 167
8 26 10 28
5 79 8 81
167 118 168 124
144 104 146 106
73 230 76 232
182 89 182 96
26 74 26 83
139 25 141 28
127 172 129 175
52 247 55 249
105 188 106 192
90 167 92 170
152 64 152 75
135 107 137 110
124 52 124 61
138 182 140 184
108 212 109 217
0 23 1 28
73 115 73 126
173 46 175 48
19 92 22 94
14 167 14 174
61 70 63 73
45 143 47 145
160 157 162 160
149 67 150 72
85 57 87 59
40 152 41 156
10 114 12 117
1 128 8 129
117 175 120 177
9 3 11 6
0 173 2 175
34 123 34 134
35 209 38 211
197 239 199 242
114 45 116 48
94 128 97 130
152 225 153 231
1 214 2 221
123 207 123 218
100 165 102 168
95 60 97 63
146 182 147 187
87 41 89 44
10 157 15 159
103 45 105 48
98 122 99 130
185 178 185 189
17 51 20 53
17 136 17 147
108 218 109 227
101 116 101 127
3 126 7 127
150 76 151 84
195 218 196 223
47 1 51 2
158 192 160 195
161 106 163 109
65 179 66 184
132 154 134 157
91 228 92 236
115 88 116 93
159 95 159 106
186 232 188 235
28 84 29 87
111 21 111 28
22 9 25 11
65 42 65 49
155 135 157 138
162 177 162 184
75 205 75 216
67 37 68 42
72 226 74 229
70 214 70 225
115 119 118 121
141 14 144 16
150 30 152 32
25 204 25 215
10 105 15 106
79 168 81 170
61 88 64 90
151 236 151 249
164 165 164 175
77 26 80 28
108 61 109 67
129 104 130 109
88 157 90 160
11 204 14 206
103 153 103 163
56 220 57 224
135 90 136 98
103 8 108 9
22 15 24 18
20 171 23 173
39 24 42 26
20 154 22 157
161 126 161 135
197 69 199 71
85 215 85 223
26 229 26 240
97 44 100 46
62 156 62 166
149 217 151 219
158 199 158 208
160 61 162 65
179 66 179 77
27 223 30 225
74 123 77 125
109 189 109 200
185 108 187 111
68 5 69 9
93 131 96 133
46 166 48 169
161 73 163 75
92 171 94 174
41 0 43 3
157 67 158 72
39 148 40 151
139 229 141 231
177 211 179 214
135 112 137 115
162 66 165 67
100 65 103 67
173 242 176 244
95 81 97 84
68 226 70 228
166 90 168 93
194 105 197 107
34 22 34 34
191 235 194 237
157 239 159 242
120 161 122 164
18 30 20 33
51 239 53 242
77 231 77 242
172 151 182 151
95 112 97 115
37 139 39 142
175 159 175 172
45 191 49 192
117 28 117 40
68 0 69 4
133 186 134 192
104 157 106 161
169 120 171 122
32 48 33 51
73 178 75 180
29 62 31 65
137 45 137 52
145 70 146 75
88 115 89 120
182 44 185 46
185 226 187 228
171 218 173 221
49 92 51 95
171 197 172 202
38 66 39 71
28 92 30 95
37 143 38 148
64 207 66 210
174 0 179 1
117 72 120 74
82 121 84 124
134 104 137 106
144 143 145 147
167 213 169 215
182 136 184 139
173 231 178 232
166 10 169 12
181 193 184 195
14 44 16 46
137 204 139 207
68 232 68 243
145 130 148 132
68 110 68 119
5 60 8 62
21 214 23 216
143 40 144 45
53 55 56 57
76 197 78 200
11 110 13 113
18 104 18 115
127 119 129 122
76 87 78 91
153 67 154 71
151 2 153 5
154 72 154 83
45 182 47 184
68 122 68 132
95 247 97 249
166 185 170 187
20 56 21 60
130 21 131 25
188 72 191 74
37 155 39 158
108 147 109 154
197 151 197 162
86 211 86 221
155 237 160 238
38 22 41 23
39 165 41 168
164 13 169 14
144 133 144 142
75 3 82 3
18 140 19 144
127 110 127 118
142 150 143 153
138 47 139 50
28 155 30 158
30 204 33 206
93 219 94 224
173 49 173 56
32 129 33 133
0 195 1 203
0 179 2 181
123 180 125 183
100 49 109 49
6 214 6 230
176 177 178 179
165 223 168 225
93 154 95 156
50 148 52 151
60 106 60 118
184 57 187 59
188 206 191 208
158 223 160 226
81 247 86 248
52 50 55 52
197 195 198 200
84 133 86 135
163 79 164 87
98 67 98 78
192 204 194 206
31 158 33 160
164 30 164 38
145 173 148 175
129 0 131 3
53 90 55 93
126 169 128 171
137 7 139 9
169 137 169 147
30 220 33 222
50 10 51 15
81 94 83 97
99 190 99 205
128 223 131 225
112 199 114 201
65 52 67 54
131 231 134 233
36 57 38 59
100 97 102 99
22 19 24 22
139 109 141 112
53 141 54 147
65 144 65 155
49 82 51 85
117 20 118 27
107 75 107 83
194 157 196 161
132 102 136 103
45 76 46 81
85 9 87 12
57 151 60 153
134 213 134 222
18 88 20 90
47 25 49 28
41 80 43 84
175 34 178 36
154 131 156 134
155 66 156 71
168 181 170 184
18 116 19 123
66 39 66 49
197 204 198 209
94 15 96 18
67 31 68 36
111 44 111 55
100 194 103 195
160 247 164 248
121 190 124 192
177 195 178 199
172 73 173 78
148 182 148 195
195 45 197 48
146 30 148 33
25 156 27 159
153 21 155 24
94 119 97 121
163 157 166 159
124 210 124 224
111 182 115 183
69 86 69 98
133 56 135 59
170 66 172 68
65 17 67 20
26 145 27 150
110 189 111 192
141 181 144 183
42 5 46 6
138 88 141 91
94 40 94 51
90 112 92 114
122 5 125 7
145 179 147 181
6 177 8 179
70 25 71 29
101 23 103 26
157 210 162 211
163 147 164 152
30 54 33 55
16 17 16 26
7 82 7 93
14 100 15 104
65 136 68 138
81 177 81 186
57 193 59 196
149 88 154 89
178 184 180 187
2 105 6 107
185 229 187 231
71 195 71 207
137 60 137 71
31 140 33 143
169 35 170 40
90 118 91 122
35 204 38 206
115 164 116 169
178 119 180 122
42 96 44 99
39 17 40 21
131 246 133 249
79 194 80 201
35 133 36 137
199 224 199 235
133 13 144 13
174 76 176 78
189 28 190 32
21 243 24 245
63 111 66 113
50 176 53 177
88 173 91 175
145 40 148 42
70 182 70 193
102 147 103 152
90 207 90 219
0 98 2 101
141 118 143 121
179 13 182 15
61 240 64 242
130 59 130 68
99 50 101 52
133 4 134 7
9 51 14 52
135 65 135 76
14 35 14 43
73 174 74 177
26 210 30 211
99 134 101 136
47 130 49 133
107 135 110 138
99 137 101 139
186 31 187 35
67 183 69 187
163 33 163 40
7 66 9 68
197 218 199 220
63 156 63 166
98 225 100 228
149 213 151 216
73 197 75 200
35 22 36 27
91 54 94 56
178 23 180 26
66 143 66 154
154 0 155 6
141 208 143 210
105 181 107 184
57 34 59 36
141 233 142 237
119 55 121 59
25 5 28 7
9 72 14 73
41 157 41 164
159 45 159 53
191 172 192 177
49 71 51 73
149 149 152 151
48 71 48 82
158 126 160 129
122 18 124 23
119 0 122 2
116 242 117 249
174 190 177 192
190 229 192 232
183 79 185 82
0 111 2 114
84 139 87 141
88 231 90 233
60 202 63 204
139 221 141 223
158 9 161 11
179 116 182 118
198 162 199 167
34 232 36 234
164 15 165 20
47 102 49 105
109 5 111 7
67 188 69 191
171 209 173 213
164 186 164 197
14 110 16 113
139 226 142 228
179 159 182 161
134 244 136 247
13 82 15 85
64 138 64 149
189 33 191 36
62 99 64 101
24 92 26 95
34 69 34 80
49 41 50 46
104 23 105 28
69 55 70 60
154 125 164 125
131 220 133 222
104 235 106 238
125 84 128 86
94 157 94 169
189 218 191 220
129 55 129 66
143 27 144 32
164 3 167 5
104 205 105 211
154 182 154 193
182 165 184 168
102 125 103 133
77 244 79 247
72 20 72 29
164 199 166 202
53 148 56 152
94 19 94 26
185 47 186 52
35 95 36 99
144 235 146 237
181 169 183 172
105 117 105 128
153 32 157 33
34 141 36 144
143 175 144 180
149 121 151 124
103 35 105 38
39 159 40 164
109 172 110 178
8 85 11 87
0 79 2 82
21 12 24 14
10 11 10 21
45 152 52 152
50 144 52 147
60 233 62 235
138 225 138 236
104 32 107 34
57 233 58 238
158 177 161 179
115 75 118 77
69 238 69 249
99 38 102 40
112 97 114 100
13 208 15 210
169 148 171 151
138 190 139 195
6 31 7 37
100 14 105 15
0 170 2 172
132 23 135 25
122 243 124 246
150 199 153 201
50 231 53 233
133 180 135 183
1 42 3 45
137 208 139 211
186 161 188 163
135 26 136 30
37 134 39 137
148 215 148 226
185 210 187 213
95 24 98 26
113 42 116 44
116 129 119 131
17 222 17 233
80 18 82 20
142 238 142 249
18 213 20 216
191 59 193 62
149 220 149 228
110 74 112 76
80 187 82 190
17 58 18 63
114 49 116 52
38 217 41 219
54 46 56 49
26 142 28 144
37 119 39 122
31 88 31 97
181 16 183 19
108 155 111 157
40 73 42 76
102 196 103 204
17 54 19 57
112 0 112 8
64 163 64 176
179 196 182 198
172 5 174 8
18 94 18 101
186 170 186 180
100 140 104 141
146 81 147 86
23 239 25 242
155 16 156 20
138 104 138 113
130 14 133 16
118 235 118 244
6 85 6 96
132 227 134 230
71 42 73 45
69 127 70 131
51 44 53 47
192 215 192 226
81 63 83 65
73 0 74 5
161 6 163 8
82 66 84 70
155 181 156 185
102 212 106 213
82 105 85 107
125 29 127 32
58 220 58 227
142 229 144 232
66 244 68 246
46 51 47 56
114 159 116 162
1 83 6 84
162 113 164 116
170 244 172 247
91 154 92 159
159 69 161 72
97 241 101 242
90 63 92 65
81 236 82 240
122 102 123 109
70 30 71 36
153 27 155 29
55 225 57 227
93 85 93 94
34 238 38 239
19 43 20 48
174 134 174 145
180 133 183 135
38 0 40 3
39 235 42 237
77 42 79 44
113 147 115 150
53 95 56 97
135 141 137 144
80 98 83 100
138 79 138 87
42 188 44 190
29 178 31 181
139 145 139 156
33 14 33 25
70 238 72 241
103 78 103 89
94 236 96 238
184 145 186 148
50 195 52 198
65 23 67 26
83 75 85 78
146 143 146 150
147 5 147 16
33 11 36 13
3 113 8 114
95 188 98 190
33 105 35 108
31 59 34 61
75 80 76 85
69 108 71 111
47 8 49 11
73 57 76 59
86 60 89 62
193 152 195 155
169 130 171 133
139 10 142 12
135 154 138 156
45 185 47 187
103 242 106 244
73 107 75 110
122 238 124 241
64 159 67 161
32 64 35 66
65 12 67 16
113 71 113 82
17 128 21 129
1 148 4 150
28 137 31 139
162 216 167 217
37 9 38 13
163 239 164 243
64 116 67 118
151 167 153 170
116 184 119 186
50 128 51 133
45 25 46 29
70 97 73 99
77 29 80 31
178 169 179 173
61 137 62 142
166 175 168 177
35 121 35 132
31 188 41 188
100 90 103 92
73 233 76 235
101 107 104 109
20 61 21 66
58 141 60 144
95 19 96 23
38 47 41 49
141 62 142 66
97 101 98 105
159 119 160 124
123 179 134 179
179 127 182 129
2 53 4 56
120 221 122 224
86 49 89 51
175 71 177 74
30 52 39 53
19 130 21 132
197 118 199 120
140 163 142 165
113 39 116 41
156 189 159 191
81 81 84 83
70 112 72 115
150 220 151 225
139 218 141 220
94 98 97 100
114 232 116 235
3 8 4 13
21 204 24 206
10 63 11 67
71 129 72 134
54 122 57 124
178 19 180 22
57 239 57 249
139 39 141 41
162 117 164 120
123 8 125 11
62 80 64 82
97 47 99 49
128 87 131 89
128 117 136 118
91 190 94 192
79 135 81 137
49 21 51 24
122 75 125 77
28 21 31 23
165 84 168 86
125 172 126 177
155 139 156 144
14 239 14 246
174 195 176 198
12 134 14 137
31 208 33 211
23 67 23 75
0 182 3 184
129 180 129 190
113 216 114 220
74 129 74 136
152 7 154 10
65 87 67 90
133 31 135 34
21 45 25 47
164 218 164 228
56 88 58 90
150 191 153 193
10 131 12 133
67 144 67 155
110 234 113 236
135 145 137 148
41 220 41 229
48 229 53 230
83 202 83 214
54 12 56 15
14 160 15 166
136 163 138 166
73 111 76 113
27 160 29 163
9 7 11 10
53 132 54 137
28 100 30 102
107 205 110 207
97 234 102 235
47 106 51 108
180 179 182 182
21 87 22 91
2 23 3 28
142 110 145 112
115 219 117 222
150 209 158 209
37 123 39 126
6 162 8 165
169 21 172 23
34 229 36 231
109 245 111 248
62 126 65 128
41 138 43 141
76 96 78 99
159 130 160 134
23 63 25 66
16 237 18 240
47 134 49 137
44 30 47 32
4 173 5 178
7 11 9 14
145 115 147 117
35 112 39 113
149 116 151 118
179 60 182 62
77 135 78 140
16 159 19 161
95 32 96 36
83 31 86 34
90 115 92 117
185 10 186 15
35 235 38 237
191 28 192 32
87 216 88 221
111 95 111 104
80 233 82 235
84 100 86 103
129 166 130 171
73 160 74 165
154 13 156 15
165 116 166 120
190 52 190 65
61 106 62 111
197 168 198 173
135 198 136 204
43 72 46 74
57 125 60 127
86 77 89 79
95 221 98 223
120 169 121 174
111 35 113 38
191 50 192 53
178 233 179 236
147 96 149 99
43 160 44 163
70 0 71 5
177 59 177 70
17 38 20 40
60 45 61 49
186 44 188 46
27 78 28 83
18 200 20 203
83 150 85 153
121 203 121 214
19 133 22 135
58 9 60 11
127 243 129 246
41 107 46 108
113 11 115 14
112 122 115 124
182 236 184 238
129 197 129 204
133 111 134 115
16 33 16 43
197 40 198 44
195 131 197 134
119 153 121 155
86 144 88 147
52 38 54 43
193 40 196 43
155 172 157 175
99 62 102 64
49 86 51 89
125 49 126 54
185 39 187 43
170 188 173 190
58 1 61 3
53 53 58 54
137 53 138 59
136 240 139 242
119 118 121 121
130 177 135 178
86 2 89 4
154 216 154 226
24 106 28 107
4 37 4 45
61 243 64 245
111 112 113 114
68 22 71 24
9 137 10 143
96 196 98 198
102 42 105 44
59 94 60 97
61 94 61 105
62 45 64 48
127 163 130 165
59 226 59 238
106 118 109 120
70 88 70 96
172 2 175 4
5 120 8 122
154 90 157 92
39 88 41 90
174 187 177 189
180 147 183 149
190 133 191 138
73 236 75 238
59 55 62 57
181 20 182 25
81 101 83 104
156 200 157 205
180 71 183 73
109 13 111 16
52 10 53 15
42 150 42 161
77 48 80 50
162 41 163 53
18 247 20 249
186 102 188 104
0 34 3 37
183 247 186 249
54 110 57 112
189 108 190 116
122 93 125 95
53 138 56 140
95 50 98 52
153 196 156 198
104 178 107 180
57 37 57 46
83 180 86 182
175 135 179 136
120 8 120 19
18 190 21 192
71 181 71 192
148 51 151 53
61 114 66 115
152 239 156 240
166 35 168 38
86 123 86 130
152 37 153 43
19 182 21 185
185 149 185 158
74 189 76 191
71 88 72 92
157 139 158 144
74 181 75 185
6 115 8 118
4 138 8 141
5 166 7 169
164 0 167 2
114 209 115 212
178 240 180 242
194 227 195 232
179 130 182 132
47 197 49 199
18 193 20 195
113 89 114 94
126 9 128 12
24 48 24 57
7 15 9 17
14 143 16 146
173 9 174 12
78 106 81 108
32 102 32 109
25 132 27 135
185 136 188 138
121 128 121 142
139 215 142 217
84 19 85 23
156 148 158 151
1 226 3 228
131 104 133 106
11 42 12 49
192 201 194 203
178 62 178 74
142 122 144 125
114 60 116 63
138 138 140 141
146 193 147 198
80 241 83 244
77 70 77 80
59 211 61 213
41 125 45 126
100 189 101 193
38 50 41 51
4 154 4 166
154 53 158 54
23 198 25 201
26 128 28 131
194 163 196 166
47 200 50 202
68 72 71 74
172 113 174 115
46 206 46 217
100 128 101 133
63 132 64 137
154 171 163 171
109 242 112 244
109 87 112 89
144 118 147 120
72 66 74 69
179 162 182 164
32 67 33 72
132 130 135 134
59 197 62 200
143 56 143 73
103 247 105 249
102 223 104 226
190 166 190 173
95 151 98 153
53 217 55 220
78 100 79 105
146 100 149 102
104 59 107 61
139 14 140 24
168 216 169 221
132 174 135 176
37 233 40 234
155 76 157 78
113 152 116 154
187 164 191 165
126 180 127 186
32 226 33 230
7 199 9 202
131 144 133 147
71 39 74 41
182 221 185 223
27 197 27 208
101 208 103 210
139 42 141 44
99 110 104 111
150 93 150 102
147 146 148 152
176 180 179 182
77 249 88 249
68 66 69 71
13 194 15 197
159 138 160 143
75 62 77 65
17 171 17 178
149 40 151 43
80 211 82 214
101 1 103 4
54 233 56 236
74 218 77 220
25 70 27 73
133 65 134 70
196 232 198 235
61 66 63 69
120 3 125 4
69 116 71 119
181 37 182 42
123 66 125 68
108 82 110 85
120 143 123 145
149 130 151 132
58 68 60 71
76 126 79 128
42 127 42 137
76 180 77 185
99 28 102 30
176 41 180 42
4 192 5 195
146 34 147 38
15 27 18 29
155 79 158 81
58 37 59 40
103 96 104 99
130 152 130 162
171 123 173 126
105 219 107 222
98 79 100 82
66 92 68 95
128 29 129 35
193 116 199 117
145 43 148 45
78 163 78 174
125 82 131 83
18 76 20 79
85 60 85 70
114 70 116 72
169 175 171 177
68 10 70 13
152 77 153 82
0 240 1 245
56 58 61 59
36 189 36 196
145 136 147 139
182 78 182 85
3 170 6 172
72 181 73 185
163 203 166 205
168 142 168 153
102 53 103 57
162 110 165 112
10 214 11 217
77 22 78 25
62 75 65 77
71 213 71 227
21 194 24 196
54 78 54 89
28 200 30 203
18 196 20 199
197 17 199 20
6 97 8 100
120 86 123 88
14 126 16 129
54 113 55 121
167 24 168 29
181 214 183 217
144 63 144 73
3 66 6 68
136 0 141 1
106 10 108 13
162 126 163 131
31 185 34 187
19 174 21 181
106 22 107 26
59 52 62 54
99 74 101 78
145 63 146 68
185 124 188 126
83 183 87 184
185 6 187 9
85 160 87 163
121 247 124 249
48 210 48 219
32 82 34 84
11 18 13 21
141 19 142 24
9 31 11 34
181 120 184 122
175 137 175 145
88 141 94 142
93 59 94 63
193 186 196 188
26 48 28 51
145 133 148 135
75 170 77 172
3 70 5 73
77 51 78 56
51 199 51 210
27 212 32 213
45 109 47 113
137 133 138 137
184 69 185 74
26 151 28 154
0 68 1 73
123 186 125 189
15 167 16 172
169 94 169 101
73 16 75 18
127 236 129 239
19 11 20 17
79 145 80 150
181 238 181 246
132 60 136 61
74 114 77 116
187 14 188 18
100 6 101 11
61 78 65 79
138 114 140 116
96 86 98 89
56 113 57 116
139 79 139 87
28 26 30 29
90 89 92 92
159 41 161 44
189 104 191 107
33 171 37 172
87 25 87 35
49 48 51 51
50 32 51 35
187 133 189 135
176 156 178 159
12 147 12 156
119 11 119 22
65 55 67 58
36 90 38 92
114 106 119 107
150 125 151 129
45 170 46 175
9 174 9 182
181 54 183 56
21 249 32 249
194 191 194 200
70 83 72 87
53 0 53 9
156 100 157 104
87 136 90 137
191 25 193 27
123 167 128 168
125 232 128 234
123 233 124 237
197 65 199 68
179 165 181 168
21 108 24 110
110 62 113 64
71 59 72 65
54 158 56 161
118 178 119 183
135 248 140 249
118 164 119 169
27 184 28 189
116 210 118 212
72 53 74 56
103 39 105 41
194 123 195 130
40 91 43 93
83 125 85 128
0 59 1 64
194 9 195 15
80 245 85 246
63 102 63 110
51 124 52 127
127 151 127 162
88 130 90 132
142 96 146 97
54 5 56 8
28 30 29 34
148 200 148 212
30 161 33 163
76 152 78 156
25 160 26 163
88 25 89 30
117 150 118 154
85 174 87 177
99 212 99 224
188 185 188 194
14 64 16 67
99 86 99 93
159 202 162 204
89 220 92 221
192 244 193 249
152 241 154 244
65 133 68 135
56 91 58 94
126 93 127 97
81 193 82 198
95 12 98 14
148 80 149 84
83 46 85 49
182 107 184 110
50 134 51 137
112 184 113 188
179 3 181 6
169 0 170 5
8 166 11 168
43 234 45 237
66 247 68 249
199 168 199 179
197 31 198 39
29 79 31 83
60 17 61 22
171 214 173 217
112 213 114 215
137 171 137 182
91 0 94 2
84 92 87 94
78 84 82 86
8 83 12 84
1 229 3 231
127 176 129 178
186 83 186 94
99 150 101 154
136 191 137 195
187 84 187 95
57 157 58 161
38 230 40 232
127 206 128 210
96 136 96 147
108 2 111 4
40 52 43 53
171 51 172 56
69 122 71 126
172 149 176 150
120 217 122 220
24 79 25 83
157 155 159 158
34 149 36 151
110 65 113 67
8 0 11 2
176 160 178 163
189 82 191 84
25 12 27 14
186 218 188 220
149 165 154 166
93 225 95 228
133 62 135 64
98 157 99 162
183 0 186 2
34 14 36 17
46 159 48 162
9 53 14 54
92 175 95 177
49 109 51 112
113 177 115 180
50 52 51 63
156 34 156 42
100 32 103 34
152 57 154 60
93 111 94 116
159 205 160 209
141 113 146 114
180 86 182 88
74 140 76 142
30 123 33 125
8 29 8 37
60 6 62 8
67 176 69 178
77 81 80 83
19 97 21 100
59 184 62 186
174 86 177 88
35 173 43 173
110 30 110 40
96 224 96 235
135 230 137 233
22 174 23 179
188 221 188 231
57 173 57 184
24 168 26 170
117 116 121 117
136 225 137 229
169 155 171 157
56 214 59 216
101 45 102 48
74 7 75 12
9 22 11 25
121 60 121 68
96 199 98 201
51 218 52 223
110 59 113 61
106 35 108 38
99 97 99 105
114 115 116 118
174 212 176 214
48 183 49 188
141 115 144 117
115 228 118 231
26 35 28 38
3 29 5 32
118 213 120 216
104 104 109 105
19 162 21 165
13 36 13 47
15 217 17 219
112 56 115 58
130 148 132 151
155 63 159 65
100 169 102 172
194 92 196 95
119 108 121 110
155 186 158 188
167 238 168 243
43 104 46 106
175 127 178 129
97 18 98 23
89 37 91 40
0 115 0 126
89 80 92 82
41 63 44 65
143 203 145 207
146 27 148 29
172 152 174 155
121 146 122 152
121 96 125 97
178 215 180 218
14 74 16 77
78 71 79 76
108 70 109 75
5 188 7 191
79 87 80 92
47 170 47 179
57 189 59 192
171 94 174 96
182 3 185 5
22 140 23 147
0 102 1 107
54 128 59 129
80 55 80 65
3 238 3 249
191 145 192 157
88 55 89 59
158 218 160 221
198 125 198 136
91 136 93 139
193 118 196 120
20 54 23 55
152 179 156 180
173 226 175 230
149 194 154 195
9 169 12 171
92 118 93 124
22 235 25 237
88 10 89 14
53 221 55 224
53 29 53 37
141 52 143 55
162 11 163 16
192 210 195 211
16 100 16 109
134 141 134 153
146 14 146 25
149 114 153 115
43 149 44 153
35 160 38 162
122 110 123 114
97 32 99 34
65 220 69 221
139 51 140 58
172 156 173 167
146 88 148 91
73 167 76 169
5 145 5 156
112 195 114 198
95 185 98 187
39 92 39 103
85 109 87 111
167 230 170 232
31 195 34 198
75 160 76 165
159 147 162 149
155 93 157 96
139 163 139 172
119 75 121 77
152 233 154 236
99 72 105 73
172 116 173 122
179 229 181 231
87 123 87 134
21 136 21 147
160 94 162 97
130 183 130 190
23 87 26 89
103 62 107 63
39 210 44 211
119 189 120 194
171 14 172 19
179 188 184 189
60 236 62 239
28 132 29 136
1 140 1 147
169 238 172 240
152 50 156 51
14 88 17 90
149 160 151 163
84 209 85 214
103 118 104 124
145 229 146 234
27 226 27 237
15 227 16 231
26 194 26 207
63 230 63 239
28 204 29 209
51 234 53 237
79 202 81 205
187 179 192 180
0 16 1 21
113 221 114 227
179 174 180 178
13 6 16 8
18 204 18 212
124 159 125 163
6 212 11 213
190 127 193 129
132 202 132 212
74 145 76 148
161 192 162 197
135 188 137 190
167 226 169 229
18 102 23 103
79 32 80 36
58 41 59 46
197 214 199 217
0 133 3 135
98 232 102 233
5 157 6 161
115 213 117 218
160 98 160 109
178 191 180 194
28 24 32 25
65 163 67 166
177 7 178 11
90 16 92 19
183 88 183 96
124 143 124 152
168 233 170 236
86 199 93 199
112 189 114 193
168 194 171 196
30 217 32 219
78 78 80 80
192 80 193 85
31 8 31 16
4 208 6 211
169 60 173 61
72 75 74 78
55 170 58 172
55 141 56 147
189 67 191 70
86 96 88 98
79 212 79 223
106 39 107 45
104 30 109 31
98 248 102 249
22 71 22 79
167 159 167 169
157 243 159 245
88 123 90 125
29 167 31 169
116 108 118 111
162 9 165 10
139 232 140 236
152 213 153 218
171 127 174 129
8 88 11 90
120 225 121 232
158 152 160 154
6 22 8 24
74 208 74 217
70 135 71 139
45 238 46 242
80 160 82 163
198 150 199 155
194 100 195 104
35 40 35 51
70 174 72 177
130 135 132 138
118 132 120 134
93 126 97 127
86 84 87 88
94 239 94 249
141 192 142 198
94 106 97 107
170 237 181 237
63 227 67 229
164 94 166 96
141 17 144 18
90 185 92 188
164 6 167 8
38 214 41 216
175 96 177 98
191 122 193 126
183 161 185 163
76 92 78 95
39 199 39 209
153 108 154 112
140 148 140 159
173 240 177 241
110 224 112 227
60 80 61 85
166 25 166 34
117 61 118 66
161 136 161 143
25 184 25 197
190 13 193 15
143 157 143 167
176 224 178 230
155 220 156 225
1 120 4 122
41 10 41 21
161 219 163 222
120 182 122 184
196 176 198 178
33 8 36 10
153 125 153 135
41 103 42 106
156 1 159 3
161 102 163 105
142 126 144 129
149 45 150 50
122 201 124 203
4 33 5 36
153 93 154 97
41 178 43 181
75 71 76 77
46 12 49 14
37 27 40 29
180 232 181 236
6 72 8 74
38 14 40 16
100 236 103 238
97 224 97 233
145 168 147 172
197 183 199 186
69 104 72 107
21 224 26 225
160 249 171 249
127 240 129 242
72 223 74 225
197 92 199 95
31 223 33 225
169 102 171 105
151 93 151 102
30 56 33 58
95 9 98 11
60 36 64 37
6 54 8 57
125 0 128 2
166 106 166 115
32 189 34 192
172 172 173 182
196 100 199 101
123 123 125 125
127 77 128 81
124 155 126 158
17 41 22 42
138 173 141 175
111 29 113 34
167 79 170 81
78 230 79 237
21 226 24 228
119 242 121 244
194 224 197 226
55 41 56 45
47 226 50 228
97 140 99 142
42 164 44 166
93 57 97 58
103 175 105 177
54 32 57 33
157 82 159 85
41 122 43 124
49 236 50 241
74 143 79 144
170 137 171 142
164 22 166 24
82 174 82 185
179 30 179 37
99 35 102 37
22 121 22 132
34 115 35 120
115 97 115 105
94 122 96 125
147 103 147 114
19 106 20 111
35 1 37 4
21 48 22 53
145 121 147 125
163 153 166 155
138 60 138 71
139 29 142 31
42 14 43 19
49 210 49 219
197 221 199 223
86 227 90 228
1 85 4 87
45 59 45 70
112 174 115 176
15 30 17 32
139 59 139 70
104 83 104 90
20 0 21 7
172 233 174 236
155 105 157 107
22 118 25 120
102 17 103 22
90 12 93 15
87 52 90 54
155 111 160 112
199 31 199 38
145 189 147 192
157 36 159 38
64 69 65 74
70 166 71 171
36 212 42 213
140 122 141 126
193 138 195 140
42 215 45 219
193 29 194 34
154 37 155 40
176 137 178 139
142 154 146 156
158 22 161 24
132 43 135 45
6 180 8 182
123 169 125 171
152 219 153 224
100 199 101 204
85 112 87 115
68 140 71 141
149 167 150 172
122 89 124 92
22 180 23 185
95 31 103 31
122 225 123 232
10 179 12 182
104 0 106 4
6 234 9 236
26 191 29 193
145 176 147 178
35 78 38 80
68 147 69 152
100 183 103 185
182 6 184 8
23 58 25 61
46 229 46 237
29 48 31 51
50 120 52 123
171 25 171 36
36 81 39 83
13 94 16 96
179 7 180 12
188 56 188 67
47 138 50 140
82 145 84 149
144 159 148 160
183 117 186 119
23 221 26 223
114 108 115 114
122 28 124 30
186 149 186 158
129 84 131 86
19 207 24 208
183 25 189 26
137 185 139 187
69 168 69 175
0 29 2 33
56 217 59 219
185 128 188 130
43 229 45 233
15 179 18 181
87 99 87 108
72 201 75 203
150 202 153 204
3 215 5 217
118 125 119 128
174 62 175 65
183 143 188 144
4 199 6 202
84 204 85 208
108 145 113 146
192 44 194 46
14 12 14 20
192 241 195 243
93 6 94 11
72 192 73 196
153 98 155 101
20 234 21 239
0 176 2 178
44 39 47 41
161 27 162 30
9 35 11 38
122 12 125 14
30 235 32 238
3 108 6 109
120 111 121 115
115 223 116 227
10 174 12 177
100 173 105 174
178 86 179 90
95 64 98 66
107 99 109 102
46 163 48 165
107 0 111 1
133 95 134 98
125 98 130 99
2 141 3 144
126 247 129 249
193 178 195 181
76 201 78 204
45 48 48 50
10 128 12 130
47 3 48 7
52 202 54 205
166 188 169 190
64 187 64 196
127 144 130 146
175 5 176 10
37 34 37 44
197 8 197 16
67 192 69 195
65 231 67 234
27 116 30 118
189 243 191 246
183 60 187 63
45 203 45 211
110 158 113 160
175 20 177 22
156 227 158 229
95 134 95 145
19 145 19 155
35 73 38 75
81 55 83 58
51 153 53 157
180 74 182 77
40 4 41 9
189 181 189 191
121 18 121 30
193 156 193 166
6 11 6 21
112 202 114 205
105 99 106 103
53 120 53 131
103 215 106 217
166 87 169 89
75 223 77 227
187 166 189 169
130 38 132 41
90 49 93 51
116 190 116 201
84 35 86 37
196 138 199 140
152 121 154 124
155 161 156 167
121 15 124 17
106 185 109 187
2 205 3 210
119 197 121 200
37 149 38 154
111 169 112 173
131 4 132 9
111 228 112 233
15 91 18 93
7 94 9 96
95 117 100 118
136 39 137 44
192 73 193 79
152 145 153 148
174 58 175 61
12 59 13 64
179 63 182 65
89 239 91 242
129 69 130 73
157 196 160 198
91 52 94 53
21 202 25 203
48 113 53 114
67 196 70 198
12 221 13 226
149 138 151 141
32 78 33 81
182 111 184 113
94 193 96 195
133 37 137 38
166 74 169 76
79 51 79 60
61 175 63 178
135 149 136 153
140 169 141 172
41 66 44 68
123 138 126 140
88 126 90 129
147 20 149 23
100 176 102 179
176 140 178 143
24 171 26 173
94 196 94 207
21 197 22 201
184 35 184 43
37 189 38 196
82 220 84 223
121 193 123 196
163 177 165 180
172 81 175 83
87 18 89 21
100 219 102 222
79 66 81 69
92 30 94 33
5 75 7 78
30 34 31 38
12 0 19 0
80 0 82 2
91 216 95 218
18 186 20 189
55 200 57 205
108 161 110 163
81 226 82 232
122 58 122 68
118 140 120 142
28 234 29 238
155 233 158 236
118 38 119 42
24 67 24 75
193 218 194 222
20 122 21 127
194 173 195 177
118 32 119 37
131 11 136 12
93 232 95 234
94 102 96 105
29 185 30 190
180 29 182 32
75 129 76 134
36 243 37 249
128 127 129 130
120 126 124 127
106 121 107 125
34 67 37 68
152 116 156 117
23 151 24 155
18 22 20 25
61 246 63 249
110 150 111 154
57 145 59 148
95 241 96 246
24 103 27 105
95 40 96 44
195 75 199 77
174 40 175 45
188 209 191 211
45 159 45 169
153 47 156 49
154 41 155 46
112 9 116 10
79 8 81 10
29 239 29 248
97 243 102 244
167 94 167 104
55 81 56 87
150 25 155 26
80 114 82 117
2 241 2 249
96 213 98 216
154 213 156 215
110 193 110 201
161 205 162 209
30 121 34 122
4 245 6 248
52 244 55 246
85 169 89 170
169 106 171 109
127 17 133 18
63 6 65 9
174 183 176 186
72 79 74 82
117 157 119 159
7 203 8 208
160 82 162 85
14 175 16 178
58 187 63 188
160 0 161 5
163 208 168 209
74 192 76 194
140 32 141 38
130 26 131 31
167 105 168 110
32 179 34 182
84 89 87 91
124 38 127 40
144 238 144 249
91 151 94 153
17 168 19 170
18 217 18 226
116 142 116 151
29 140 30 143
68 49 71 51
129 205 129 213
72 30 72 38
101 227 104 228
101 155 102 159
64 102 66 105
40 200 41 209
84 108 84 119
86 202 87 210
134 126 136 128
154 126 155 130
32 35 34 37
126 65 126 76
70 172 74 173
43 127 44 131
116 97 116 105
170 82 171 90
38 107 40 110
89 161 89 168
197 53 199 56
122 197 124 200
130 239 132 242
130 243 133 245
159 161 162 163
50 187 52 190
89 73 92 75
64 106 66 110
172 222 172 232
117 160 119 163
0 65 2 67
40 94 41 99
174 52 175 57
47 15 49 18
18 166 23 167
48 231 49 235
79 164 81 167
122 128 123 134
41 170 44 172
79 174 81 176
72 47 75 49
106 14 108 18
164 121 166 124
13 211 14 217
61 10 65 11
166 66 167 71
38 174 38 182
183 150 184 154
85 52 86 56
21 104 23 107
112 138 117 139
54 0 55 4
62 220 64 223
56 50 58 52
193 182 195 185
61 62 66 63
86 45 88 48
38 169 40 172
32 164 33 169
191 23 195 24
123 62 125 65
174 121 177 123
44 80 44 88
188 8 189 13
161 150 162 155
86 222 87 226
130 180 132 182
150 205 152 208
192 133 192 142
169 116 171 119
25 108 28 110
65 173 66 178
148 5 150 7
49 74 51 77
118 218 119 223
146 203 147 208
42 11 45 13
105 223 107 225
94 178 97 180
22 99 24 101
133 35 137 36
169 152 171 154
117 102 119 105
167 33 170 34
83 238 85 240
41 69 44 71
108 77 112 78
30 43 33 45
81 79 85 80
156 176 165 176
157 113 158 119
81 131 86 132
174 158 174 169
41 119 43 121
108 208 110 211
28 226 29 233
23 189 24 193
152 138 154 141
93 73 97 74
125 190 126 195
89 83 94 84
96 27 98 30
44 89 45 93
198 10 199 15
65 82 69 83
67 207 68 210
191 37 194 39
116 132 117 137
25 243 28 245
172 137 173 142
38 241 39 246
178 91 179 95
148 196 151 198
74 195 78 196
58 63 60 66
158 172 159 175
191 181 192 186
181 176 184 178
163 141 164 146
176 23 176 33
168 165 170 168
187 149 189 151
58 179 59 183
140 145 143 147
12 66 13 71
129 148 129 162
24 140 28 141
14 220 17 221
34 157 34 168
0 140 0 150
137 28 138 34
148 57 148 68
181 66 183 69
40 100 43 102
91 143 92 150
91 24 93 26
64 200 66 203
8 91 11 93
47 64 49 67
165 141 167 144
25 180 27 183
164 161 166 164
161 234 162 239
3 154 3 165
164 63 167 65
125 220 126 224
45 82 47 87
192 238 195 240
62 64 67 65
93 178 93 189
48 29 51 31
141 127 141 136
135 216 136 221
23 124 24 130
115 80 117 83
101 100 104 103
78 226 80 229
13 114 16 116
28 11 29 16
69 232 70 237
4 130 8 131
197 58 198 63
184 88 185 92
132 26 134 29
48 118 53 119
147 76 149 79
63 91 65 94
126 123 128 125
128 36 129 41
172 103 172 112
108 188 108 199
148 233 151 234
90 105 91 111
175 92 177 95
52 106 53 112
178 109 178 118
42 191 44 195
186 205 187 209
91 212 93 215
174 66 174 75
121 5 121 14
148 8 151 10
89 93 92 95
143 233 143 241
97 134 98 139
139 133 140 137
175 66 176 70
144 161 145 167
52 199 54 201
177 243 180 246
180 33 182 36
191 90 193 93
154 113 156 115
8 185 11 187
21 217 22 222
28 147 30 150
63 215 65 218
89 96 90 101
163 94 163 101
139 106 142 108
9 205 10 208
130 32 131 37
34 54 35 58
39 180 40 185
73 104 75 106
13 191 15 193
23 39 27 41
199 39 199 48
193 215 196 217
102 190 104 192
36 183 38 185
59 154 61 157
1 91 4 93
15 12 16 16
6 183 7 187
52 58 54 61
54 63 57 65
182 97 183 103
51 36 51 43
8 225 10 228
157 246 159 249
87 211 88 215
36 152 36 159
50 161 50 170
100 16 100 27
164 43 164 53
87 36 88 40
179 226 182 228
125 147 127 150
8 41 10 44
19 209 23 210
172 29 174 32
156 43 157 46
50 185 53 186
119 201 120 206
114 64 115 69
192 63 193 67
197 201 199 203
84 41 86 44
125 134 126 137
16 156 19 158
60 227 61 232
116 206 118 209
67 46 69 48
2 145 4 147
9 109 9 118
104 125 104 133
103 74 105 77
73 35 75 38
35 84 38 86
166 19 168 21
156 126 157 130
182 229 183 235
96 202 96 209
38 220 40 223
50 243 51 248
156 21 156 29
104 198 106 201
82 8 82 17
59 98 60 105
136 119 137 125
31 244 33 247
71 12 73 15
130 49 132 52
10 55 10 62
4 3 8 4
17 72 17 80
68 75 71 77
184 190 187 192
142 84 143 89
169 62 169 73
107 129 110 131
29 106 30 112
80 74 82 77
185 105 188 107
156 86 158 89
95 0 97 3
189 54 189 66
39 10 40 13
155 7 156 12
88 243 91 245
58 173 59 178
96 168 96 177
39 85 41 87
100 155 100 164
126 3 128 6
112 101 114 104
87 193 90 196
139 224 142 225
153 30 157 31
77 141 80 142
114 32 116 35
127 19 134 20
176 144 178 146
70 244 71 249
159 113 160 118
153 210 156 212
8 183 12 184
118 245 120 249
131 159 133 162
181 57 183 59
187 155 189 158
149 90 151 92
199 126 199 137
116 3 119 4
41 60 44 62
53 165 54 169
114 184 115 188
4 115 5 119
100 216 102 218
185 164 186 169
52 0 52 9
147 24 149 26
35 207 38 208
131 234 136 235
21 246 24 248
22 5 24 8
17 84 19 87
56 130 57 134
81 25 82 30
29 151 31 154
61 38 63 41
149 184 149 193
152 83 153 87
22 96 24 98
80 206 81 210
0 108 2 110
83 174 84 177
169 158 171 160
150 11 153 13
129 230 130 235
53 196 55 198
125 235 125 249
52 178 54 181
25 22 27 24
163 57 166 59
38 226 40 229
25 96 27 99
61 23 62 26
46 19 52 20
157 22 157 29
56 68 57 73
144 59 146 62
193 132 194 137
128 116 137 116
178 16 180 18
120 122 122 125
162 22 163 26
32 239 33 243
30 226 31 230
174 174 175 180
81 129 85 130
159 180 161 183
194 67 195 72
137 95 138 98
104 19 107 21
127 134 127 143
126 7 129 8
152 176 155 178
72 163 72 171
18 227 19 233
110 217 112 219
124 109 126 113
141 148 145 149
149 64 151 66
65 27 67 29
78 109 80 111
193 1 193 12
111 140 117 141
90 162 92 165
127 13 129 16
113 155 118 156
76 177 79 179
84 228 85 231
93 78 94 82
110 68 113 70
107 27 110 29
22 161 23 165
122 31 124 34
6 5 8 7
173 62 173 72
72 152 74 155
65 211 67 213
138 39 138 46
111 82 112 86
164 235 167 236
144 98 145 103
73 239 75 243
16 162 18 165
108 87 108 98
29 164 31 166
184 114 186 116
121 78 122 82
172 84 176 85
176 206 181 207
159 66 161 68
185 120 186 123
84 195 85 203
113 16 115 19
46 92 48 95
30 39 31 42
47 98 49 101
151 184 153 187
63 96 68 97
43 132 46 134
189 233 192 234
56 208 59 210
81 45 82 51
142 33 144 36
57 47 59 49
40 111 41 116
39 194 40 198
194 73 194 80
186 198 187 204
49 78 52 80
111 90 112 94
42 110 44 114
143 242 143 249
165 129 165 137
83 178 86 179
175 132 178 134
159 185 162 188
60 42 63 44
82 133 83 137
186 3 188 5
145 241 147 243
193 145 196 147
122 141 126 142
102 68 105 71
84 232 87 234
94 87 95 92
94 67 97 69
45 21 47 24
45 153 46 158
45 98 46 103
170 97 173 99
186 185 187 189
73 244 74 249
117 69 120 71
112 27 115 28
6 69 9 71
117 190 118 194
30 193 34 194
106 90 107 95
56 0 65 0
65 80 69 81
28 88 30 91
35 76 38 77
153 102 154 107
72 186 73 191
182 239 183 244
35 186 40 187
172 24 173 28
165 49 168 51
22 0 23 4
189 78 191 81
192 35 195 36
91 203 93 206
100 180 103 182
63 224 66 226
12 227 12 234
20 114 21 121
3 218 5 221
68 163 69 167
60 205 61 210
114 142 115 146
102 137 104 139
166 237 166 248
67 104 68 109
62 91 62 98
51 17 56 18
27 194 29 196
8 123 9 127
28 103 31 105
132 21 138 22
33 87 36 89
42 167 44 169
96 90 98 93
129 77 130 81
104 193 105 197
64 66 67 68
91 34 94 36
188 203 191 205
0 0 3 1
165 77 170 78
141 49 143 51
60 145 62 148
10 122 12 124
149 133 151 135
104 64 106 67
86 63 87 67
163 228 163 238
74 186 77 188
182 218 185 220
7 150 8 156
103 218 104 222
128 111 130 114
180 0 182 2
62 212 64 214
104 57 107 58
115 84 117 87
4 196 6 198
80 24 89 24
44 7 46 10
61 27 62 32
24 164 25 167
41 142 44 143
19 222 20 226
97 174 99 177
3 77 4 82
165 165 166 169
58 123 62 124
197 246 199 249
95 45 96 49
32 9 32 20
0 6 1 11
176 166 177 172
9 150 11 153
27 42 28 47
0 136 1 139
82 39 83 44
142 37 142 44
25 100 27 102
110 184 111 188
74 117 76 122
197 243 199 245
0 12 1 15
50 158 53 160
6 135 8 137
148 178 151 180
65 84 69 85
76 105 77 110
167 114 171 115
174 117 176 120
191 47 194 49
11 138 13 141
144 209 146 212
164 213 166 215
68 156 70 159
119 238 121 241
30 31 33 33
122 118 124 121
12 22 13 27
170 41 171 45
76 100 77 104
108 41 109 45
175 99 176 103
90 66 92 69
128 100 130 103
15 33 15 43
174 215 177 217
76 212 77 217
143 39 151 39
80 4 82 7
165 210 168 212
125 45 127 48
27 239 28 242
5 41 6 45
154 55 158 56
147 153 151 154
187 152 189 154
23 26 25 29
30 84 31 87
130 206 130 217
14 78 16 81
39 174 40 179
145 53 146 58
14 235 15 238
127 49 129 52
2 57 5 59
111 209 113 211
170 69 172 71
83 10 83 20
105 226 107 229
130 55 132 58
49 141 51 143
78 12 78 21
39 55 41 59
158 100 158 107
62 83 64 85
182 205 183 211
196 179 198 182
187 19 189 21
117 142 117 149
167 244 169 248
59 72 60 78
26 136 27 139
84 95 85 99
99 206 100 210
129 90 131 93
150 27 152 29
126 228 128 231
141 211 143 214
175 218 177 221
14 97 17 99
118 83 119 88
124 41 126 44
125 34 127 37
86 235 87 238
144 107 146 109
199 57 199 64
140 166 142 168
121 38 123 40
53 19 56 21
125 115 126 122
48 51 48 60
15 213 17 216
165 170 168 172
7 220 7 230
148 103 148 111
132 62 132 73
128 214 129 217
142 130 144 132
187 0 191 2
2 136 3 140
84 189 87 191
94 181 97 183
190 96 192 99
186 99 188 101
91 180 92 184
111 177 112 181
36 174 37 178
3 123 6 125
83 228 83 237
66 214 69 216
142 141 143 144
186 96 189 98
23 90 26 91
77 129 80 131
182 245 186 246
168 125 168 134
166 178 171 179
34 243 35 248
84 192 86 194
111 118 113 121
111 125 111 134
188 75 191 77
124 225 126 227
68 25 69 29
74 32 77 34
32 0 33 5
78 238 79 243
179 137 181 139
4 229 4 240
108 106 109 109
23 76 25 78
176 106 179 108
135 18 138 20
84 38 86 40
35 60 39 61
78 122 81 124
133 206 133 217
53 210 55 212
160 168 163 170
183 84 185 87
68 100 70 103
98 143 100 146
162 0 163 5
24 0 29 1
36 64 39 65
57 228 58 232
118 135 120 139
26 25 27 29
66 75 67 79
128 45 130 48
42 47 43 51
72 212 73 216
157 4 157 12
157 212 160 214
14 151 16 154
76 22 76 31
42 204 44 206
66 69 67 74
171 57 173 59
160 243 161 246
34 18 36 21
199 105 199 112
133 39 135 42
189 43 191 46
30 231 32 234
55 34 56 40
77 119 80 121
155 118 156 123
17 18 17 26
16 186 17 192
79 37 83 38
141 56 142 61
29 46 33 47
31 26 33 30
67 222 69 225
136 222 138 224
44 146 47 148
155 108 158 110
54 237 55 243
19 217 20 221
10 125 12 127
86 148 89 150
42 241 43 246
149 106 151 109
169 24 170 29
111 193 111 201
183 75 185 78
107 132 110 134
90 60 92 62
131 139 133 142
181 9 183 12
48 120 49 124
124 228 125 231
125 200 128 202
34 214 37 216
51 165 52 169
188 85 190 88
191 54 196 55
95 4 96 8
10 94 12 97
177 27 179 29
114 125 117 127
145 5 146 9
172 33 174 36
35 34 36 39
159 54 161 56
20 158 22 160
15 204 17 207
7 18 9 21
178 96 180 98
47 156 49 158
194 244 195 249
181 141 182 146
60 181 63 183
127 64 127 73
172 100 174 102
51 161 53 164
174 193 177 194
195 141 196 144
81 89 83 93
77 7 78 11
150 142 151 145
136 205 136 215
74 90 74 101
57 12 60 14
2 61 4 64
32 151 33 157
134 79 137 81
106 245 108 248
130 119 135 120
112 247 114 249
171 0 171 8
75 173 77 176
30 239 31 243
79 171 81 173
95 161 96 167
131 59 131 66
158 31 163 32
160 172 163 175
188 94 193 95
116 122 119 124
152 142 154 144
118 143 119 149
83 160 84 166
117 11 117 19
84 136 86 138
194 167 195 172
111 109 113 111
49 144 49 151
1 123 2 127
93 40 93 48
164 229 165 234
54 9 57 11
65 139 67 142
174 199 175 207
131 46 134 48
39 238 42 240
61 167 63 170
145 244 146 249
148 112 152 113
110 147 112 149
125 211 127 214
34 220 35 228
57 15 61 16
134 138 137 140
97 191 98 195
150 188 153 190
15 222 16 226
138 179 140 181
45 193 45 202
149 199 149 209
62 206 63 211
36 45 37 51
121 35 124 37
0 153 1 161
137 201 139 203
92 108 94 110
127 226 131 227
54 125 56 127
161 212 163 214
175 233 177 236
54 170 54 177
123 204 125 206
194 86 199 87
6 174 8 176
106 113 110 114
198 156 199 161
168 161 170 164
1 222 3 225
124 131 128 133
63 52 64 57
111 105 113 108
13 122 13 133
196 236 199 238
73 129 73 136
113 228 114 231
122 153 126 154
183 179 184 183
193 18 195 22
79 151 80 156
48 224 52 225
88 222 90 226
179 114 183 115
60 214 60 225
172 130 174 133
184 93 184 103
61 171 63 174
134 236 135 241
113 6 116 8
72 217 73 220
9 238 12 240
184 216 188 217
191 189 195 190
52 206 52 217
165 147 166 152
22 111 23 116
45 96 49 97
36 179 37 182
161 122 163 124
136 129 136 137
185 131 186 135
52 94 52 105
85 164 86 168
163 206 166 207
55 165 56 169
55 173 55 184
102 245 105 246
18 1 19 5
114 73 114 83
76 16 77 21
149 27 149 35
100 211 101 215
33 95 33 104
86 229 90 230
86 22 89 23
179 222 181 225
178 99 180 102
157 13 157 21
0 130 3 132
55 135 58 136
130 197 130 205
13 232 15 234
56 154 58 156
117 195 117 205
16 208 17 212
18 69 19 75
132 30 132 37
185 236 187 239
70 66 71 71
120 159 123 160
42 94 45 95
145 238 147 240
20 232 24 233
24 180 24 188
158 39 158 47
179 203 181 205
88 234 90 236
170 143 173 144
108 233 108 244
18 136 19 139
199 192 199 200
136 62 136 73
110 212 111 216
17 64 18 68
87 178 88 181
69 132 69 139
122 204 122 216
4 179 4 191
192 0 192 7
18 171 18 178
196 126 197 130
50 203 50 211
16 200 17 203
137 83 137 94
